<?xml version="1.0" encoding="UTF-8"?>
<!-- Generated by org.testng.reporters.JUnitReportReporter -->
<testsuite hostname="Niranjan" failures="0" tests="3" name="com.seleniumprojectniranjan.qa.testcases.login" time="78.721" errors="0" timestamp="2024-08-02T13:58:39 IST" skipped="0">
  <testcase classname="com.seleniumprojectniranjan.qa.testcases.login" name="LoginWithValidCredentials" time="27.013"/>
  <system-out/>
  <testcase classname="com.seleniumprojectniranjan.qa.testcases.login" name="LoginWithInValidUserName" time="27.519"/>
  <system-out/>
  <testcase classname="com.seleniumprojectniranjan.qa.testcases.login" name="LoginWithInValidPassword" time="24.189"/>
  <system-out/>
</testsuite> <!-- com.seleniumprojectniranjan.qa.testcases.login -->
