<?xml version="1.0" encoding="UTF-8"?>
<!-- Generated by org.testng.reporters.JUnitReportReporter -->
<testsuite hostname="Niranjan" failures="0" tests="5" name="com.seleniumprojectniranjan.qa.testcases.register" time="85.101" errors="0" timestamp="2024-08-02T13:58:39 IST" skipped="1">
  <testcase classname="com.seleniumprojectniranjan.qa.testcases.register" name="VerifyInvalidEmailInEmailField" time="21.854"/>
  <system-out/>
  <testcase classname="com.seleniumprojectniranjan.qa.testcases.register" name="VerifyInvalidPhoneNoInPhoneNoField" time="21.422"/>
  <system-out/>
  <testcase classname="com.seleniumprojectniranjan.qa.testcases.register" name="VerifyInvalidPasswordInPasswordField" time="20.023"/>
  <system-out/>
  <testcase classname="com.seleniumprojectniranjan.qa.testcases.register" name="VerifyExistingEmailInEmailField" time="21.802"/>
  <system-out/>
  <testcase classname="com.seleniumprojectniranjan.qa.testcases.register" name="RegistrationWithvalidCredentials">
    <skipped/>
  </testcase> <!-- RegistrationWithvalidCredentials -->
  <system-out/>
</testsuite> <!-- com.seleniumprojectniranjan.qa.testcases.register -->
