<?xml version="1.0" encoding="UTF-8"?>
<!-- Generated by org.testng.reporters.JUnitReportReporter -->
<testsuite hostname="Niranjan" failures="0" tests="1" name="com.seleniumprojectniranjan.qa.testcases.products" time="22.177" errors="0" timestamp="2024-08-02T13:58:39 IST" skipped="0">
  <testcase classname="com.seleniumprojectniranjan.qa.testcases.products" name="Verifyproducts" time="22.177"/>
  <system-out/>
</testsuite> <!-- com.seleniumprojectniranjan.qa.testcases.products -->
